14:52:24.340 [main] TRACE Client - filesList:[Ljava.io.File;@233fe9b6
14:52:24.345 [main] TRACE Client - filesList.length:4
14:52:24.345 [main] TRACE Client -  myfile::C:\repos\calculator\myCalculator\input\input.1.txt
14:52:24.346 [main] TRACE Client -  myfile::C:\repos\calculator\myCalculator\input\input.2.txt
14:52:24.349 [main] TRACE Client -  myfile::C:\repos\calculator\myCalculator\input\input.3.txt
14:52:24.350 [main] TRACE Client -  myfile::C:\repos\calculator\myCalculator\input\input.4.txt
14:52:24.360 [Thread-1] INFO FileCalculator - Connected!
14:52:24.360 [Thread-2] INFO FileCalculator - Connected!
14:52:24.360 [Thread-3] INFO FileCalculator - Connected!
14:52:24.360 [Thread-0] INFO FileCalculator - Connected!
14:52:24.363 [Thread-1] TRACE FileCalculator - inputLine:8+2*10
14:52:24.363 [Thread-2] TRACE FileCalculator - inputLine:689340+87490
14:52:24.368 [Thread-3] TRACE FileCalculator - inputLine:60+11+167+12+39+240
14:52:24.369 [Thread-0] TRACE FileCalculator - inputLine:3^4
14:52:24.372 [Thread-1] TRACE FileCalculator - inputLine:5-4*2
14:52:24.373 [Thread-2] TRACE FileCalculator - inputLine:984/2
14:52:24.373 [Thread-3] TRACE FileCalculator - inputLine:738854/2*84748*9043034--6473829+76739-271921*35627
14:52:24.373 [Thread-0] TRACE FileCalculator - inputLine:(8+2)
14:52:24.374 [Thread-1] TRACE FileCalculator - inputLine:9864/2+34-8739*667/5+6578-8963+872*787*600/100
14:52:24.374 [Thread-2] TRACE FileCalculator - inputLine:648303-7783933
14:52:24.375 [Thread-3] TRACE FileCalculator - inputLine:86775*52/2
14:52:24.375 [Thread-0] TRACE FileCalculator - inputLine:10/(4+1)
14:52:24.376 [Thread-1] TRACE FileCalculator - inputLine:74@76 
14:52:24.376 [Thread-2] TRACE FileCalculator - inputLine:87895*234
14:52:24.377 [Thread-0] TRACE FileCalculator - inputLine:22*(22-11)
14:52:24.377 [Thread-1] TRACE FileCalculator - inputLine:(3*2+8/4)
14:52:24.378 [Thread-0] TRACE FileCalculator - inputLine:42/2+(3+44/11*2-1)
14:52:24.378 [Thread-1] TRACE FileCalculator - inputLine:(18/2*2+5*3-2)
14:52:24.379 [Thread-0] TRACE FileCalculator - inputLine:7*(5+2)
14:52:24.379 [Thread-1] TRACE FileCalculator - inputLine:8932/2+(890-7643)*65+22/11
14:52:24.379 [Thread-0] TRACE FileCalculator - inputLine:(5+2)*7
14:52:24.379 [Thread-1] TRACE FileCalculator - inputLine:673*324-783+(3692-764+7842/2)-9090*54
14:52:24.380 [Thread-0] TRACE FileCalculator - inputLine:(6+3)/3
14:52:24.380 [Thread-1] TRACE FileCalculator - inputLine:4682/2+(45-738)*23
14:52:24.381 [Thread-0] TRACE FileCalculator - inputLine:(3+67)*3647
14:52:24.383 [Thread-1] TRACE FileCalculator - inputLine:8900/5*42343-(982/2-545+767-9363)*222/111+934/(2-4206420)/10+(6735*52400/242-686-860098)+43/(85353*4-3455990)-312
14:52:24.386 [Thread-0] TRACE FileCalculator - inputLine:8_6
14:52:24.387 [Thread-0] TRACE FileCalculator - inputLine:98765=54
14:52:24.388 [Thread-0] TRACE FileCalculator - inputLine:9%34
