15:33:59.576 [Thread-0] INFO PostfixGenerator - input:3^4+2*5
15:33:59.580 [Thread-0] TRACE PostfixGenerator - array size:0
15:33:59.581 [Thread-0] TRACE PostfixGenerator - charater by character:3
15:33:59.581 [Thread-0] TRACE PostfixGenerator - postfix after taking operands and operators1:[]
15:33:59.588 [Thread-0] TRACE PostfixGenerator - Stringbuilder:3
15:33:59.588 [Thread-0] TRACE PostfixGenerator - array size:0
15:33:59.588 [Thread-0] TRACE PostfixGenerator - charater by character:^
15:33:59.595 [Thread-0] INFO PostfixGenerator - input:5*2-4/2-68/2+349
15:33:59.595 [Thread-0] TRACE PostfixGenerator - array size:0
15:33:59.597 [Thread-0] TRACE PostfixGenerator - charater by character:5
15:33:59.597 [Thread-0] TRACE PostfixGenerator - postfix after taking operands and operators1:[]
15:33:59.598 [Thread-0] TRACE PostfixGenerator - Stringbuilder:5
15:33:59.598 [Thread-0] TRACE PostfixGenerator - array size:0
15:33:59.598 [Thread-0] TRACE PostfixGenerator - charater by character:*
15:33:59.599 [Thread-0] TRACE PostfixGenerator - operator by operator:*
15:33:59.599 [Thread-0] TRACE PostfixGenerator - array size:1
15:33:59.599 [Thread-0] TRACE PostfixGenerator - charater by character:2
15:33:59.600 [Thread-0] TRACE PostfixGenerator - postfix after taking operands and operators1:[5]
15:33:59.600 [Thread-0] TRACE PostfixGenerator - Stringbuilder:2
15:33:59.601 [Thread-0] TRACE PostfixGenerator - array size:1
15:33:59.602 [Thread-0] TRACE PostfixGenerator - charater by character:-
15:33:59.602 [Thread-0] TRACE PostfixGenerator - operator by operator:-
15:33:59.603 [Thread-0] TRACE PostfixGenerator - array size:3
15:33:59.603 [Thread-0] TRACE PostfixGenerator - charater by character:4
15:33:59.603 [Thread-0] TRACE PostfixGenerator - postfix after taking operands and operators1:[5, 2, *]
15:33:59.604 [Thread-0] TRACE PostfixGenerator - Stringbuilder:4
15:33:59.604 [Thread-0] TRACE PostfixGenerator - array size:3
15:33:59.604 [Thread-0] TRACE PostfixGenerator - charater by character:/
15:33:59.605 [Thread-0] TRACE PostfixGenerator - operator by operator:/
15:33:59.605 [Thread-0] TRACE PostfixGenerator - array size:4
15:33:59.605 [Thread-0] TRACE PostfixGenerator - charater by character:2
15:33:59.606 [Thread-0] TRACE PostfixGenerator - postfix after taking operands and operators1:[5, 2, *, 4]
15:33:59.609 [Thread-0] TRACE PostfixGenerator - Stringbuilder:2
15:33:59.614 [Thread-0] TRACE PostfixGenerator - array size:4
15:33:59.614 [Thread-0] TRACE PostfixGenerator - charater by character:-
15:33:59.615 [Thread-0] TRACE PostfixGenerator - operator by operator:-
15:33:59.615 [Thread-0] TRACE PostfixGenerator - array size:7
15:33:59.615 [Thread-0] TRACE PostfixGenerator - charater by character:6
15:33:59.616 [Thread-0] TRACE PostfixGenerator - postfix after taking operands and operators1:[5, 2, *, 4, 2, /, -]
15:33:59.616 [Thread-0] TRACE PostfixGenerator - Stringbuilder:6
15:33:59.616 [Thread-0] TRACE PostfixGenerator - array size:7
15:33:59.617 [Thread-0] TRACE PostfixGenerator - charater by character:8
15:33:59.617 [Thread-0] TRACE PostfixGenerator - postfix after taking operands and operators1:[5, 2, *, 4, 2, /, -]
15:33:59.619 [Thread-0] TRACE PostfixGenerator - Stringbuilder:68
15:33:59.619 [Thread-0] TRACE PostfixGenerator - array size:7
15:33:59.620 [Thread-0] TRACE PostfixGenerator - charater by character:/
15:33:59.620 [Thread-0] TRACE PostfixGenerator - operator by operator:/
15:33:59.620 [Thread-0] TRACE PostfixGenerator - array size:8
15:33:59.621 [Thread-0] TRACE PostfixGenerator - charater by character:2
15:33:59.621 [Thread-0] TRACE PostfixGenerator - postfix after taking operands and operators1:[5, 2, *, 4, 2, /, -, 68]
15:33:59.621 [Thread-0] TRACE PostfixGenerator - Stringbuilder:2
15:33:59.624 [Thread-0] TRACE PostfixGenerator - array size:8
15:33:59.630 [Thread-0] TRACE PostfixGenerator - charater by character:+
15:33:59.630 [Thread-0] TRACE PostfixGenerator - operator by operator:+
15:33:59.631 [Thread-0] TRACE PostfixGenerator - array size:11
15:33:59.631 [Thread-0] TRACE PostfixGenerator - charater by character:3
15:33:59.631 [Thread-0] TRACE PostfixGenerator - postfix after taking operands and operators1:[5, 2, *, 4, 2, /, -, 68, 2, /, -]
15:33:59.632 [Thread-0] TRACE PostfixGenerator - Stringbuilder:3
15:33:59.632 [Thread-0] TRACE PostfixGenerator - array size:11
15:33:59.632 [Thread-0] TRACE PostfixGenerator - charater by character:4
15:33:59.633 [Thread-0] TRACE PostfixGenerator - postfix after taking operands and operators1:[5, 2, *, 4, 2, /, -, 68, 2, /, -]
15:33:59.633 [Thread-0] TRACE PostfixGenerator - Stringbuilder:34
15:33:59.633 [Thread-0] TRACE PostfixGenerator - array size:11
15:33:59.634 [Thread-0] TRACE PostfixGenerator - charater by character:9
15:33:59.635 [Thread-0] TRACE PostfixGenerator - postfix after taking operands and operators1:[5, 2, *, 4, 2, /, -, 68, 2, /, -]
15:33:59.636 [Thread-0] TRACE PostfixGenerator - Stringbuilder:349
15:33:59.637 [Thread-0] DEBUG PostfixGenerator - postfix:[5, 2, *, 4, 2, /, -, 68, 2, /, -, 349]
15:33:59.637 [Thread-0] DEBUG PostfixGenerator - final postfix:[5, 2, *, 4, 2, /, -, 68, 2, /, -, 349, +]
15:33:59.637 [Thread-0] DEBUG Calculator - take postfix as input to calculate:[5, 2, *, 4, 2, /, -, 68, 2, /, -, 349, +]
15:33:59.638 [Thread-0] DEBUG Calculator - postfix length:13
15:33:59.645 [Thread-0] TRACE Calculator - character by character:5
15:33:59.645 [Thread-0] TRACE Calculator - character number:0
15:33:59.646 [Thread-0] TRACE Calculator - operandstack3:5
15:33:59.646 [Thread-0] TRACE Calculator - character by character:2
15:33:59.646 [Thread-0] TRACE Calculator - character number:1
15:33:59.647 [Thread-0] TRACE Calculator - operandstack3:2
15:33:59.647 [Thread-0] TRACE Calculator - character by character:*
15:33:59.647 [Thread-0] TRACE Calculator - character number:2
15:33:59.648 [Thread-0] TRACE Calculator - operandstack.peek():10
15:33:59.648 [Thread-0] TRACE Calculator - character by character:4
15:33:59.648 [Thread-0] TRACE Calculator - character number:3
15:33:59.648 [Thread-0] TRACE Calculator - operandstack3:4
15:33:59.649 [Thread-0] TRACE Calculator - character by character:2
15:33:59.649 [Thread-0] TRACE Calculator - character number:4
15:33:59.649 [Thread-0] TRACE Calculator - operandstack3:2
15:33:59.650 [Thread-0] TRACE Calculator - character by character:/
15:33:59.650 [Thread-0] TRACE Calculator - character number:5
15:33:59.651 [Thread-0] TRACE Calculator - operandstack.peek():2
15:33:59.652 [Thread-0] TRACE Calculator - character by character:-
15:33:59.652 [Thread-0] TRACE Calculator - character number:6
15:33:59.653 [Thread-0] TRACE Calculator - operandstack.peek():8
15:33:59.655 [Thread-0] TRACE Calculator - character by character:68
15:33:59.660 [Thread-0] TRACE Calculator - character number:7
15:33:59.660 [Thread-0] TRACE Calculator - operandstack3:68
15:33:59.661 [Thread-0] TRACE Calculator - character by character:2
15:33:59.661 [Thread-0] TRACE Calculator - character number:8
15:33:59.662 [Thread-0] TRACE Calculator - operandstack3:2
15:33:59.662 [Thread-0] TRACE Calculator - character by character:/
15:33:59.663 [Thread-0] TRACE Calculator - character number:9
15:33:59.663 [Thread-0] TRACE Calculator - operandstack.peek():34
15:33:59.664 [Thread-0] TRACE Calculator - character by character:-
15:33:59.664 [Thread-0] TRACE Calculator - character number:10
15:33:59.664 [Thread-0] TRACE Calculator - operandstack.peek():-26
15:33:59.665 [Thread-0] TRACE Calculator - character by character:349
15:33:59.665 [Thread-0] TRACE Calculator - character number:11
15:33:59.665 [Thread-0] TRACE Calculator - operandstack3:349
15:33:59.666 [Thread-0] TRACE Calculator - character by character:+
15:33:59.666 [Thread-0] TRACE Calculator - character number:12
15:33:59.667 [Thread-0] TRACE Calculator - operandstack.peek():323
15:33:59.667 [Thread-0] INFO Calculator - answer:323
15:33:59.672 [Thread-0] INFO PostfixGenerator - input:11-20*3^-9
15:33:59.673 [Thread-0] TRACE PostfixGenerator - array size:0
15:33:59.676 [Thread-0] TRACE PostfixGenerator - charater by character:1
15:33:59.676 [Thread-0] TRACE PostfixGenerator - postfix after taking operands and operators1:[]
15:33:59.677 [Thread-0] TRACE PostfixGenerator - Stringbuilder:1
15:33:59.677 [Thread-0] TRACE PostfixGenerator - array size:0
15:33:59.677 [Thread-0] TRACE PostfixGenerator - charater by character:1
15:33:59.678 [Thread-0] TRACE PostfixGenerator - postfix after taking operands and operators1:[]
15:33:59.678 [Thread-0] TRACE PostfixGenerator - Stringbuilder:11
15:33:59.679 [Thread-0] TRACE PostfixGenerator - array size:0
15:33:59.679 [Thread-0] TRACE PostfixGenerator - charater by character:-
15:33:59.679 [Thread-0] TRACE PostfixGenerator - operator by operator:-
15:33:59.680 [Thread-0] TRACE PostfixGenerator - array size:1
15:33:59.680 [Thread-0] TRACE PostfixGenerator - charater by character:2
15:33:59.681 [Thread-0] TRACE PostfixGenerator - postfix after taking operands and operators1:[11]
15:33:59.681 [Thread-0] TRACE PostfixGenerator - Stringbuilder:2
15:33:59.681 [Thread-0] TRACE PostfixGenerator - array size:1
15:33:59.682 [Thread-0] TRACE PostfixGenerator - charater by character:0
15:33:59.682 [Thread-0] TRACE PostfixGenerator - postfix after taking operands and operators1:[11]
15:33:59.682 [Thread-0] TRACE PostfixGenerator - Stringbuilder:20
15:33:59.683 [Thread-0] TRACE PostfixGenerator - array size:1
15:33:59.683 [Thread-0] TRACE PostfixGenerator - charater by character:*
15:33:59.684 [Thread-0] TRACE PostfixGenerator - operator by operator:*
15:33:59.684 [Thread-0] TRACE PostfixGenerator - array size:2
15:33:59.684 [Thread-0] TRACE PostfixGenerator - charater by character:3
15:33:59.685 [Thread-0] TRACE PostfixGenerator - postfix after taking operands and operators1:[11, 20]
15:33:59.688 [Thread-0] TRACE PostfixGenerator - Stringbuilder:3
15:33:59.693 [Thread-0] TRACE PostfixGenerator - array size:2
15:33:59.693 [Thread-0] TRACE PostfixGenerator - charater by character:^
15:33:59.693 [Thread-0] INFO PostfixGenerator - input:34/2+456-878-98/2*353
15:33:59.694 [Thread-0] TRACE PostfixGenerator - array size:0
15:33:59.694 [Thread-0] TRACE PostfixGenerator - charater by character:3
15:33:59.694 [Thread-0] TRACE PostfixGenerator - postfix after taking operands and operators1:[]
15:33:59.695 [Thread-0] TRACE PostfixGenerator - Stringbuilder:3
15:33:59.695 [Thread-0] TRACE PostfixGenerator - array size:0
15:33:59.696 [Thread-0] TRACE PostfixGenerator - charater by character:4
15:33:59.696 [Thread-0] TRACE PostfixGenerator - postfix after taking operands and operators1:[]
15:33:59.696 [Thread-0] TRACE PostfixGenerator - Stringbuilder:34
15:33:59.697 [Thread-0] TRACE PostfixGenerator - array size:0
15:33:59.697 [Thread-0] TRACE PostfixGenerator - charater by character:/
15:33:59.697 [Thread-0] TRACE PostfixGenerator - operator by operator:/
15:33:59.698 [Thread-0] TRACE PostfixGenerator - array size:1
15:33:59.698 [Thread-0] TRACE PostfixGenerator - charater by character:2
15:33:59.698 [Thread-0] TRACE PostfixGenerator - postfix after taking operands and operators1:[34]
15:33:59.698 [Thread-0] TRACE PostfixGenerator - Stringbuilder:2
15:33:59.699 [Thread-0] TRACE PostfixGenerator - array size:1
15:33:59.699 [Thread-0] TRACE PostfixGenerator - charater by character:+
15:33:59.700 [Thread-0] TRACE PostfixGenerator - operator by operator:+
15:33:59.700 [Thread-0] TRACE PostfixGenerator - array size:3
15:33:59.700 [Thread-0] TRACE PostfixGenerator - charater by character:4
15:33:59.701 [Thread-0] TRACE PostfixGenerator - postfix after taking operands and operators1:[34, 2, /]
15:33:59.704 [Thread-0] TRACE PostfixGenerator - Stringbuilder:4
15:33:59.709 [Thread-0] TRACE PostfixGenerator - array size:3
15:33:59.709 [Thread-0] TRACE PostfixGenerator - charater by character:5
15:33:59.710 [Thread-0] TRACE PostfixGenerator - postfix after taking operands and operators1:[34, 2, /]
15:33:59.710 [Thread-0] TRACE PostfixGenerator - Stringbuilder:45
15:33:59.711 [Thread-0] TRACE PostfixGenerator - array size:3
15:33:59.711 [Thread-0] TRACE PostfixGenerator - charater by character:6
15:33:59.712 [Thread-0] TRACE PostfixGenerator - postfix after taking operands and operators1:[34, 2, /]
15:33:59.712 [Thread-0] TRACE PostfixGenerator - Stringbuilder:456
15:33:59.712 [Thread-0] TRACE PostfixGenerator - array size:3
15:33:59.713 [Thread-0] TRACE PostfixGenerator - charater by character:-
15:33:59.713 [Thread-0] TRACE PostfixGenerator - operator by operator:-
15:33:59.713 [Thread-0] TRACE PostfixGenerator - array size:5
15:33:59.714 [Thread-0] TRACE PostfixGenerator - charater by character:8
15:33:59.714 [Thread-0] TRACE PostfixGenerator - postfix after taking operands and operators1:[34, 2, /, 456, +]
15:33:59.715 [Thread-0] TRACE PostfixGenerator - Stringbuilder:8
15:33:59.715 [Thread-0] TRACE PostfixGenerator - array size:5
15:33:59.715 [Thread-0] TRACE PostfixGenerator - charater by character:7
15:33:59.716 [Thread-0] TRACE PostfixGenerator - postfix after taking operands and operators1:[34, 2, /, 456, +]
15:33:59.716 [Thread-0] TRACE PostfixGenerator - Stringbuilder:87
15:33:59.716 [Thread-0] TRACE PostfixGenerator - array size:5
15:33:59.717 [Thread-0] TRACE PostfixGenerator - charater by character:8
15:33:59.721 [Thread-0] TRACE PostfixGenerator - postfix after taking operands and operators1:[34, 2, /, 456, +]
15:33:59.726 [Thread-0] TRACE PostfixGenerator - Stringbuilder:878
15:33:59.726 [Thread-0] TRACE PostfixGenerator - array size:5
15:33:59.726 [Thread-0] TRACE PostfixGenerator - charater by character:-
15:33:59.727 [Thread-0] TRACE PostfixGenerator - operator by operator:-
15:33:59.727 [Thread-0] TRACE PostfixGenerator - array size:7
15:33:59.728 [Thread-0] TRACE PostfixGenerator - charater by character:9
15:33:59.728 [Thread-0] TRACE PostfixGenerator - postfix after taking operands and operators1:[34, 2, /, 456, +, 878, -]
15:33:59.728 [Thread-0] TRACE PostfixGenerator - Stringbuilder:9
15:33:59.729 [Thread-0] TRACE PostfixGenerator - array size:7
15:33:59.729 [Thread-0] TRACE PostfixGenerator - charater by character:8
15:33:59.730 [Thread-0] TRACE PostfixGenerator - postfix after taking operands and operators1:[34, 2, /, 456, +, 878, -]
15:33:59.730 [Thread-0] TRACE PostfixGenerator - Stringbuilder:98
15:33:59.730 [Thread-0] TRACE PostfixGenerator - array size:7
15:33:59.731 [Thread-0] TRACE PostfixGenerator - charater by character:/
15:33:59.731 [Thread-0] TRACE PostfixGenerator - operator by operator:/
15:33:59.731 [Thread-0] TRACE PostfixGenerator - array size:8
15:33:59.732 [Thread-0] TRACE PostfixGenerator - charater by character:2
15:33:59.732 [Thread-0] TRACE PostfixGenerator - postfix after taking operands and operators1:[34, 2, /, 456, +, 878, -, 98]
15:33:59.733 [Thread-0] TRACE PostfixGenerator - Stringbuilder:2
15:33:59.738 [Thread-0] TRACE PostfixGenerator - array size:8
15:33:59.739 [Thread-0] TRACE PostfixGenerator - charater by character:*
15:33:59.740 [Thread-0] TRACE PostfixGenerator - operator by operator:*
15:33:59.740 [Thread-0] TRACE PostfixGenerator - array size:10
15:33:59.743 [Thread-0] TRACE PostfixGenerator - charater by character:3
15:33:59.743 [Thread-0] TRACE PostfixGenerator - postfix after taking operands and operators1:[34, 2, /, 456, +, 878, -, 98, 2, /]
15:33:59.743 [Thread-0] TRACE PostfixGenerator - Stringbuilder:3
15:33:59.744 [Thread-0] TRACE PostfixGenerator - array size:10
15:33:59.744 [Thread-0] TRACE PostfixGenerator - charater by character:5
15:33:59.745 [Thread-0] TRACE PostfixGenerator - postfix after taking operands and operators1:[34, 2, /, 456, +, 878, -, 98, 2, /]
15:33:59.745 [Thread-0] TRACE PostfixGenerator - Stringbuilder:35
15:33:59.746 [Thread-0] TRACE PostfixGenerator - array size:10
15:33:59.746 [Thread-0] TRACE PostfixGenerator - charater by character:3
15:33:59.747 [Thread-0] TRACE PostfixGenerator - postfix after taking operands and operators1:[34, 2, /, 456, +, 878, -, 98, 2, /]
15:33:59.747 [Thread-0] TRACE PostfixGenerator - Stringbuilder:353
15:33:59.747 [Thread-0] DEBUG PostfixGenerator - postfix:[34, 2, /, 456, +, 878, -, 98, 2, /, 353]
15:33:59.748 [Thread-0] DEBUG PostfixGenerator - final postfix:[34, 2, /, 456, +, 878, -, 98, 2, /, 353, *]
15:33:59.757 [Thread-0] DEBUG PostfixGenerator - final postfix:[34, 2, /, 456, +, 878, -, 98, 2, /, 353, *, -]
15:33:59.757 [Thread-0] DEBUG Calculator - take postfix as input to calculate:[34, 2, /, 456, +, 878, -, 98, 2, /, 353, *, -]
15:33:59.758 [Thread-0] DEBUG Calculator - postfix length:13
15:33:59.758 [Thread-0] TRACE Calculator - character by character:34
15:33:59.759 [Thread-0] TRACE Calculator - character number:0
15:33:59.759 [Thread-0] TRACE Calculator - operandstack3:34
15:33:59.760 [Thread-0] TRACE Calculator - character by character:2
15:33:59.760 [Thread-0] TRACE Calculator - character number:1
15:33:59.761 [Thread-0] TRACE Calculator - operandstack3:2
15:33:59.761 [Thread-0] TRACE Calculator - character by character:/
15:33:59.762 [Thread-0] TRACE Calculator - character number:2
15:33:59.762 [Thread-0] TRACE Calculator - operandstack.peek():17
15:33:59.763 [Thread-0] TRACE Calculator - character by character:456
15:33:59.763 [Thread-0] TRACE Calculator - character number:3
15:33:59.763 [Thread-0] TRACE Calculator - operandstack3:456
15:33:59.764 [Thread-0] TRACE Calculator - character by character:+
15:33:59.773 [Thread-0] TRACE Calculator - character number:4
15:33:59.773 [Thread-0] TRACE Calculator - operandstack.peek():473
15:33:59.774 [Thread-0] TRACE Calculator - character by character:878
15:33:59.774 [Thread-0] TRACE Calculator - character number:5
15:33:59.775 [Thread-0] TRACE Calculator - operandstack3:878
15:33:59.775 [Thread-0] TRACE Calculator - character by character:-
15:33:59.776 [Thread-0] TRACE Calculator - character number:6
15:33:59.776 [Thread-0] TRACE Calculator - operandstack.peek():-405
15:33:59.777 [Thread-0] TRACE Calculator - character by character:98
15:33:59.777 [Thread-0] TRACE Calculator - character number:7
15:33:59.778 [Thread-0] TRACE Calculator - operandstack3:98
15:33:59.778 [Thread-0] TRACE Calculator - character by character:2
15:33:59.779 [Thread-0] TRACE Calculator - character number:8
15:33:59.779 [Thread-0] TRACE Calculator - operandstack3:2
15:33:59.781 [Thread-0] TRACE Calculator - character by character:/
15:33:59.789 [Thread-0] TRACE Calculator - character number:9
15:33:59.789 [Thread-0] TRACE Calculator - operandstack.peek():49
15:33:59.790 [Thread-0] TRACE Calculator - character by character:353
15:33:59.790 [Thread-0] TRACE Calculator - character number:10
15:33:59.790 [Thread-0] TRACE Calculator - operandstack3:353
15:33:59.791 [Thread-0] TRACE Calculator - character by character:*
15:33:59.791 [Thread-0] TRACE Calculator - character number:11
15:33:59.792 [Thread-0] TRACE Calculator - operandstack.peek():17297
15:33:59.792 [Thread-0] TRACE Calculator - character by character:-
15:33:59.792 [Thread-0] TRACE Calculator - character number:12
15:33:59.793 [Thread-0] TRACE Calculator - operandstack.peek():-17702
15:33:59.793 [Thread-0] INFO Calculator - answer:-17702
15:33:59.794 [Thread-0] INFO PostfixGenerator - input:99*22/11+67-87+44/4*98*654
15:33:59.803 [Thread-0] TRACE PostfixGenerator - array size:0
15:33:59.803 [Thread-0] TRACE PostfixGenerator - charater by character:9
15:33:59.804 [Thread-0] TRACE PostfixGenerator - postfix after taking operands and operators1:[]
15:33:59.804 [Thread-0] TRACE PostfixGenerator - Stringbuilder:9
15:33:59.805 [Thread-0] TRACE PostfixGenerator - array size:0
15:33:59.806 [Thread-0] TRACE PostfixGenerator - charater by character:9
15:33:59.806 [Thread-0] TRACE PostfixGenerator - postfix after taking operands and operators1:[]
15:33:59.806 [Thread-0] TRACE PostfixGenerator - Stringbuilder:99
15:33:59.807 [Thread-0] TRACE PostfixGenerator - array size:0
15:33:59.807 [Thread-0] TRACE PostfixGenerator - charater by character:*
15:33:59.808 [Thread-0] TRACE PostfixGenerator - operator by operator:*
15:33:59.808 [Thread-0] TRACE PostfixGenerator - array size:1
15:33:59.809 [Thread-0] TRACE PostfixGenerator - charater by character:2
15:33:59.809 [Thread-0] TRACE PostfixGenerator - postfix after taking operands and operators1:[99]
15:33:59.811 [Thread-0] TRACE PostfixGenerator - Stringbuilder:2
15:33:59.817 [Thread-0] TRACE PostfixGenerator - array size:1
15:33:59.818 [Thread-0] TRACE PostfixGenerator - charater by character:2
15:33:59.819 [Thread-0] TRACE PostfixGenerator - postfix after taking operands and operators1:[99]
15:33:59.819 [Thread-0] TRACE PostfixGenerator - Stringbuilder:22
15:33:59.820 [Thread-0] TRACE PostfixGenerator - array size:1
15:33:59.820 [Thread-0] TRACE PostfixGenerator - charater by character:/
15:33:59.821 [Thread-0] TRACE PostfixGenerator - operator by operator:/
15:33:59.822 [Thread-0] TRACE PostfixGenerator - array size:3
15:33:59.822 [Thread-0] TRACE PostfixGenerator - charater by character:1
15:33:59.823 [Thread-0] TRACE PostfixGenerator - postfix after taking operands and operators1:[99, 22, *]
15:33:59.823 [Thread-0] TRACE PostfixGenerator - Stringbuilder:1
15:33:59.824 [Thread-0] TRACE PostfixGenerator - array size:3
15:33:59.824 [Thread-0] TRACE PostfixGenerator - charater by character:1
15:33:59.824 [Thread-0] TRACE PostfixGenerator - postfix after taking operands and operators1:[99, 22, *]
15:33:59.825 [Thread-0] TRACE PostfixGenerator - Stringbuilder:11
15:33:59.825 [Thread-0] TRACE PostfixGenerator - array size:3
15:33:59.826 [Thread-0] TRACE PostfixGenerator - charater by character:+
15:33:59.829 [Thread-0] TRACE PostfixGenerator - operator by operator:+
15:33:59.834 [Thread-0] TRACE PostfixGenerator - array size:5
15:33:59.835 [Thread-0] TRACE PostfixGenerator - charater by character:6
15:33:59.836 [Thread-0] TRACE PostfixGenerator - postfix after taking operands and operators1:[99, 22, *, 11, /]
15:33:59.836 [Thread-0] TRACE PostfixGenerator - Stringbuilder:6
15:33:59.837 [Thread-0] TRACE PostfixGenerator - array size:5
15:33:59.838 [Thread-0] TRACE PostfixGenerator - charater by character:7
15:33:59.838 [Thread-0] TRACE PostfixGenerator - postfix after taking operands and operators1:[99, 22, *, 11, /]
15:33:59.839 [Thread-0] TRACE PostfixGenerator - Stringbuilder:67
15:33:59.839 [Thread-0] TRACE PostfixGenerator - array size:5
15:33:59.840 [Thread-0] TRACE PostfixGenerator - charater by character:-
15:33:59.840 [Thread-0] TRACE PostfixGenerator - operator by operator:-
15:33:59.841 [Thread-0] TRACE PostfixGenerator - array size:7
15:33:59.841 [Thread-0] TRACE PostfixGenerator - charater by character:8
15:33:59.843 [Thread-0] TRACE PostfixGenerator - postfix after taking operands and operators1:[99, 22, *, 11, /, 67, +]
15:33:59.849 [Thread-0] TRACE PostfixGenerator - Stringbuilder:8
15:33:59.849 [Thread-0] TRACE PostfixGenerator - array size:7
15:33:59.849 [Thread-0] TRACE PostfixGenerator - charater by character:7
15:33:59.850 [Thread-0] TRACE PostfixGenerator - postfix after taking operands and operators1:[99, 22, *, 11, /, 67, +]
15:33:59.850 [Thread-0] TRACE PostfixGenerator - Stringbuilder:87
15:33:59.851 [Thread-0] TRACE PostfixGenerator - array size:7
15:33:59.853 [Thread-0] TRACE PostfixGenerator - charater by character:+
15:33:59.853 [Thread-0] TRACE PostfixGenerator - operator by operator:+
15:33:59.853 [Thread-0] TRACE PostfixGenerator - array size:9
15:33:59.853 [Thread-0] TRACE PostfixGenerator - charater by character:4
15:33:59.854 [Thread-0] TRACE PostfixGenerator - postfix after taking operands and operators1:[99, 22, *, 11, /, 67, +, 87, -]
15:33:59.854 [Thread-0] TRACE PostfixGenerator - Stringbuilder:4
15:33:59.854 [Thread-0] TRACE PostfixGenerator - array size:9
15:33:59.855 [Thread-0] TRACE PostfixGenerator - charater by character:4
15:33:59.855 [Thread-0] TRACE PostfixGenerator - postfix after taking operands and operators1:[99, 22, *, 11, /, 67, +, 87, -]
15:33:59.855 [Thread-0] TRACE PostfixGenerator - Stringbuilder:44
15:33:59.856 [Thread-0] TRACE PostfixGenerator - array size:9
15:33:59.856 [Thread-0] TRACE PostfixGenerator - charater by character:/
15:33:59.856 [Thread-0] TRACE PostfixGenerator - operator by operator:/
15:33:59.857 [Thread-0] TRACE PostfixGenerator - array size:10
15:33:59.865 [Thread-0] TRACE PostfixGenerator - charater by character:4
15:33:59.865 [Thread-0] TRACE PostfixGenerator - postfix after taking operands and operators1:[99, 22, *, 11, /, 67, +, 87, -, 44]
15:33:59.866 [Thread-0] TRACE PostfixGenerator - Stringbuilder:4
15:33:59.866 [Thread-0] TRACE PostfixGenerator - array size:10
15:33:59.867 [Thread-0] TRACE PostfixGenerator - charater by character:*
15:33:59.867 [Thread-0] TRACE PostfixGenerator - operator by operator:*
15:33:59.867 [Thread-0] TRACE PostfixGenerator - array size:12
15:33:59.868 [Thread-0] TRACE PostfixGenerator - charater by character:9
15:33:59.869 [Thread-0] TRACE PostfixGenerator - postfix after taking operands and operators1:[99, 22, *, 11, /, 67, +, 87, -, 44, 4, /]
15:33:59.870 [Thread-0] TRACE PostfixGenerator - Stringbuilder:9
15:33:59.870 [Thread-0] TRACE PostfixGenerator - array size:12
15:33:59.870 [Thread-0] TRACE PostfixGenerator - charater by character:8
15:33:59.870 [Thread-0] TRACE PostfixGenerator - postfix after taking operands and operators1:[99, 22, *, 11, /, 67, +, 87, -, 44, 4, /]
15:33:59.871 [Thread-0] TRACE PostfixGenerator - Stringbuilder:98
15:33:59.871 [Thread-0] TRACE PostfixGenerator - array size:12
15:33:59.872 [Thread-0] TRACE PostfixGenerator - charater by character:*
15:33:59.872 [Thread-0] TRACE PostfixGenerator - operator by operator:*
15:33:59.872 [Thread-0] TRACE PostfixGenerator - array size:14
15:33:59.872 [Thread-0] TRACE PostfixGenerator - charater by character:6
15:33:59.873 [Thread-0] TRACE PostfixGenerator - postfix after taking operands and operators1:[99, 22, *, 11, /, 67, +, 87, -, 44, 4, /, 98, *]
15:33:59.875 [Thread-0] TRACE PostfixGenerator - Stringbuilder:6
15:33:59.880 [Thread-0] TRACE PostfixGenerator - array size:14
15:33:59.880 [Thread-0] TRACE PostfixGenerator - charater by character:5
15:33:59.881 [Thread-0] TRACE PostfixGenerator - postfix after taking operands and operators1:[99, 22, *, 11, /, 67, +, 87, -, 44, 4, /, 98, *]
15:33:59.881 [Thread-0] TRACE PostfixGenerator - Stringbuilder:65
15:33:59.881 [Thread-0] TRACE PostfixGenerator - array size:14
15:33:59.882 [Thread-0] TRACE PostfixGenerator - charater by character:4
15:33:59.882 [Thread-0] TRACE PostfixGenerator - postfix after taking operands and operators1:[99, 22, *, 11, /, 67, +, 87, -, 44, 4, /, 98, *]
15:33:59.883 [Thread-0] TRACE PostfixGenerator - Stringbuilder:654
15:33:59.883 [Thread-0] DEBUG PostfixGenerator - postfix:[99, 22, *, 11, /, 67, +, 87, -, 44, 4, /, 98, *, 654]
15:33:59.884 [Thread-0] DEBUG PostfixGenerator - final postfix:[99, 22, *, 11, /, 67, +, 87, -, 44, 4, /, 98, *, 654, *]
15:33:59.885 [Thread-0] DEBUG PostfixGenerator - final postfix:[99, 22, *, 11, /, 67, +, 87, -, 44, 4, /, 98, *, 654, *, +]
15:33:59.886 [Thread-0] DEBUG Calculator - take postfix as input to calculate:[99, 22, *, 11, /, 67, +, 87, -, 44, 4, /, 98, *, 654, *, +]
15:33:59.886 [Thread-0] DEBUG Calculator - postfix length:17
15:33:59.886 [Thread-0] TRACE Calculator - character by character:99
15:33:59.887 [Thread-0] TRACE Calculator - character number:0
15:33:59.887 [Thread-0] TRACE Calculator - operandstack3:99
15:33:59.887 [Thread-0] TRACE Calculator - character by character:22
15:33:59.888 [Thread-0] TRACE Calculator - character number:1
15:33:59.896 [Thread-0] TRACE Calculator - operandstack3:22
15:33:59.896 [Thread-0] TRACE Calculator - character by character:*
15:33:59.897 [Thread-0] TRACE Calculator - character number:2
15:33:59.897 [Thread-0] TRACE Calculator - operandstack.peek():2178
15:33:59.897 [Thread-0] TRACE Calculator - character by character:11
15:33:59.898 [Thread-0] TRACE Calculator - character number:3
15:33:59.898 [Thread-0] TRACE Calculator - operandstack3:11
15:33:59.898 [Thread-0] TRACE Calculator - character by character:/
15:33:59.898 [Thread-0] TRACE Calculator - character number:4
15:33:59.899 [Thread-0] TRACE Calculator - operandstack.peek():198
15:33:59.899 [Thread-0] TRACE Calculator - character by character:67
15:33:59.899 [Thread-0] TRACE Calculator - character number:5
15:33:59.899 [Thread-0] TRACE Calculator - operandstack3:67
15:33:59.900 [Thread-0] TRACE Calculator - character by character:+
15:33:59.900 [Thread-0] TRACE Calculator - character number:6
15:33:59.901 [Thread-0] TRACE Calculator - operandstack.peek():265
15:33:59.902 [Thread-0] TRACE Calculator - character by character:87
15:33:59.902 [Thread-0] TRACE Calculator - character number:7
15:33:59.903 [Thread-0] TRACE Calculator - operandstack3:87
15:33:59.910 [Thread-0] TRACE Calculator - character by character:-
15:33:59.911 [Thread-0] TRACE Calculator - character number:8
15:33:59.912 [Thread-0] TRACE Calculator - operandstack.peek():178
15:33:59.912 [Thread-0] TRACE Calculator - character by character:44
15:33:59.913 [Thread-0] TRACE Calculator - character number:9
15:33:59.913 [Thread-0] TRACE Calculator - operandstack3:44
15:33:59.913 [Thread-0] TRACE Calculator - character by character:4
15:33:59.914 [Thread-0] TRACE Calculator - character number:10
15:33:59.914 [Thread-0] TRACE Calculator - operandstack3:4
15:33:59.914 [Thread-0] TRACE Calculator - character by character:/
15:33:59.914 [Thread-0] TRACE Calculator - character number:11
15:33:59.915 [Thread-0] TRACE Calculator - operandstack.peek():11
15:33:59.915 [Thread-0] TRACE Calculator - character by character:98
15:33:59.916 [Thread-0] TRACE Calculator - character number:12
15:33:59.916 [Thread-0] TRACE Calculator - operandstack3:98
15:33:59.917 [Thread-0] TRACE Calculator - character by character:*
15:33:59.917 [Thread-0] TRACE Calculator - character number:13
15:33:59.917 [Thread-0] TRACE Calculator - operandstack.peek():1078
15:33:59.917 [Thread-0] TRACE Calculator - character by character:654
15:33:59.919 [Thread-0] TRACE Calculator - character number:14
15:33:59.921 [Thread-0] TRACE Calculator - operandstack3:654
15:33:59.926 [Thread-0] TRACE Calculator - character by character:*
15:33:59.926 [Thread-0] TRACE Calculator - character number:15
15:33:59.927 [Thread-0] TRACE Calculator - operandstack.peek():705012
15:33:59.928 [Thread-0] TRACE Calculator - character by character:+
15:33:59.928 [Thread-0] TRACE Calculator - character number:16
15:33:59.929 [Thread-0] TRACE Calculator - operandstack.peek():705190
15:33:59.929 [Thread-0] INFO Calculator - answer:705190
15:33:59.929 [Thread-0] INFO PostfixGenerator - input:65-22/11+33*45-48
15:33:59.930 [Thread-0] TRACE PostfixGenerator - array size:0
15:33:59.930 [Thread-0] TRACE PostfixGenerator - charater by character:6
15:33:59.930 [Thread-0] TRACE PostfixGenerator - postfix after taking operands and operators1:[]
15:33:59.930 [Thread-0] TRACE PostfixGenerator - Stringbuilder:6
15:33:59.931 [Thread-0] TRACE PostfixGenerator - array size:0
15:33:59.931 [Thread-0] TRACE PostfixGenerator - charater by character:5
15:33:59.931 [Thread-0] TRACE PostfixGenerator - postfix after taking operands and operators1:[]
15:33:59.931 [Thread-0] TRACE PostfixGenerator - Stringbuilder:65
15:33:59.931 [Thread-0] TRACE PostfixGenerator - array size:0
15:33:59.932 [Thread-0] TRACE PostfixGenerator - charater by character:-
15:33:59.932 [Thread-0] TRACE PostfixGenerator - operator by operator:-
15:33:59.932 [Thread-0] TRACE PostfixGenerator - array size:1
15:33:59.932 [Thread-0] TRACE PostfixGenerator - charater by character:2
15:33:59.932 [Thread-0] TRACE PostfixGenerator - postfix after taking operands and operators1:[65]
15:33:59.933 [Thread-0] TRACE PostfixGenerator - Stringbuilder:2
15:33:59.933 [Thread-0] TRACE PostfixGenerator - array size:1
15:33:59.933 [Thread-0] TRACE PostfixGenerator - charater by character:2
15:33:59.933 [Thread-0] TRACE PostfixGenerator - postfix after taking operands and operators1:[65]
15:33:59.933 [Thread-0] TRACE PostfixGenerator - Stringbuilder:22
15:33:59.934 [Thread-0] TRACE PostfixGenerator - array size:1
15:33:59.934 [Thread-0] TRACE PostfixGenerator - charater by character:/
15:33:59.934 [Thread-0] TRACE PostfixGenerator - operator by operator:/
15:33:59.938 [Thread-0] TRACE PostfixGenerator - array size:2
15:33:59.942 [Thread-0] TRACE PostfixGenerator - charater by character:1
15:33:59.942 [Thread-0] TRACE PostfixGenerator - postfix after taking operands and operators1:[65, 22]
15:33:59.943 [Thread-0] TRACE PostfixGenerator - Stringbuilder:1
15:33:59.944 [Thread-0] TRACE PostfixGenerator - array size:2
15:33:59.944 [Thread-0] TRACE PostfixGenerator - charater by character:1
15:33:59.945 [Thread-0] TRACE PostfixGenerator - postfix after taking operands and operators1:[65, 22]
15:33:59.945 [Thread-0] TRACE PostfixGenerator - Stringbuilder:11
15:33:59.945 [Thread-0] TRACE PostfixGenerator - array size:2
15:33:59.945 [Thread-0] TRACE PostfixGenerator - charater by character:+
15:33:59.945 [Thread-0] TRACE PostfixGenerator - operator by operator:+
15:33:59.946 [Thread-0] TRACE PostfixGenerator - array size:5
15:33:59.946 [Thread-0] TRACE PostfixGenerator - charater by character:3
15:33:59.946 [Thread-0] TRACE PostfixGenerator - postfix after taking operands and operators1:[65, 22, 11, /, -]
15:33:59.947 [Thread-0] TRACE PostfixGenerator - Stringbuilder:3
15:33:59.947 [Thread-0] TRACE PostfixGenerator - array size:5
15:33:59.947 [Thread-0] TRACE PostfixGenerator - charater by character:3
15:33:59.947 [Thread-0] TRACE PostfixGenerator - postfix after taking operands and operators1:[65, 22, 11, /, -]
15:33:59.947 [Thread-0] TRACE PostfixGenerator - Stringbuilder:33
15:33:59.947 [Thread-0] TRACE PostfixGenerator - array size:5
15:33:59.948 [Thread-0] TRACE PostfixGenerator - charater by character:*
15:33:59.948 [Thread-0] TRACE PostfixGenerator - operator by operator:*
15:33:59.948 [Thread-0] TRACE PostfixGenerator - array size:6
15:33:59.948 [Thread-0] TRACE PostfixGenerator - charater by character:4
15:33:59.948 [Thread-0] TRACE PostfixGenerator - postfix after taking operands and operators1:[65, 22, 11, /, -, 33]
15:33:59.948 [Thread-0] TRACE PostfixGenerator - Stringbuilder:4
15:33:59.949 [Thread-0] TRACE PostfixGenerator - array size:6
15:33:59.949 [Thread-0] TRACE PostfixGenerator - charater by character:5
15:33:59.949 [Thread-0] TRACE PostfixGenerator - postfix after taking operands and operators1:[65, 22, 11, /, -, 33]
15:33:59.949 [Thread-0] TRACE PostfixGenerator - Stringbuilder:45
15:33:59.949 [Thread-0] TRACE PostfixGenerator - array size:6
15:33:59.949 [Thread-0] TRACE PostfixGenerator - charater by character:-
15:33:59.950 [Thread-0] TRACE PostfixGenerator - operator by operator:-
15:33:59.950 [Thread-0] TRACE PostfixGenerator - array size:9
15:33:59.956 [Thread-0] TRACE PostfixGenerator - charater by character:4
15:33:59.957 [Thread-0] TRACE PostfixGenerator - postfix after taking operands and operators1:[65, 22, 11, /, -, 33, 45, *, +]
15:33:59.957 [Thread-0] TRACE PostfixGenerator - Stringbuilder:4
15:33:59.958 [Thread-0] TRACE PostfixGenerator - array size:9
15:33:59.958 [Thread-0] TRACE PostfixGenerator - charater by character:8
15:33:59.958 [Thread-0] TRACE PostfixGenerator - postfix after taking operands and operators1:[65, 22, 11, /, -, 33, 45, *, +]
15:33:59.959 [Thread-0] TRACE PostfixGenerator - Stringbuilder:48
15:33:59.959 [Thread-0] DEBUG PostfixGenerator - postfix:[65, 22, 11, /, -, 33, 45, *, +, 48]
15:33:59.959 [Thread-0] DEBUG PostfixGenerator - final postfix:[65, 22, 11, /, -, 33, 45, *, +, 48, -]
15:33:59.960 [Thread-0] DEBUG Calculator - take postfix as input to calculate:[65, 22, 11, /, -, 33, 45, *, +, 48, -]
15:33:59.960 [Thread-0] DEBUG Calculator - postfix length:11
15:33:59.960 [Thread-0] TRACE Calculator - character by character:65
15:33:59.960 [Thread-0] TRACE Calculator - character number:0
15:33:59.961 [Thread-0] TRACE Calculator - operandstack3:65
15:33:59.961 [Thread-0] TRACE Calculator - character by character:22
15:33:59.961 [Thread-0] TRACE Calculator - character number:1
15:33:59.961 [Thread-0] TRACE Calculator - operandstack3:22
15:33:59.962 [Thread-0] TRACE Calculator - character by character:11
15:33:59.962 [Thread-0] TRACE Calculator - character number:2
15:33:59.962 [Thread-0] TRACE Calculator - operandstack3:11
15:33:59.962 [Thread-0] TRACE Calculator - character by character:/
15:33:59.962 [Thread-0] TRACE Calculator - character number:3
15:33:59.963 [Thread-0] TRACE Calculator - operandstack.peek():2
15:33:59.963 [Thread-0] TRACE Calculator - character by character:-
15:33:59.963 [Thread-0] TRACE Calculator - character number:4
15:33:59.963 [Thread-0] TRACE Calculator - operandstack.peek():63
15:33:59.963 [Thread-0] TRACE Calculator - character by character:33
15:33:59.963 [Thread-0] TRACE Calculator - character number:5
15:33:59.963 [Thread-0] TRACE Calculator - operandstack3:33
15:33:59.964 [Thread-0] TRACE Calculator - character by character:45
15:33:59.964 [Thread-0] TRACE Calculator - character number:6
15:33:59.964 [Thread-0] TRACE Calculator - operandstack3:45
15:33:59.964 [Thread-0] TRACE Calculator - character by character:*
15:33:59.964 [Thread-0] TRACE Calculator - character number:7
15:33:59.964 [Thread-0] TRACE Calculator - operandstack.peek():1485
15:33:59.965 [Thread-0] TRACE Calculator - character by character:+
15:33:59.965 [Thread-0] TRACE Calculator - character number:8
15:33:59.965 [Thread-0] TRACE Calculator - operandstack.peek():1548
15:33:59.965 [Thread-0] TRACE Calculator - character by character:48
15:33:59.966 [Thread-0] TRACE Calculator - character number:9
15:33:59.970 [Thread-0] TRACE Calculator - operandstack3:48
15:33:59.972 [Thread-0] TRACE Calculator - character by character:-
15:33:59.972 [Thread-0] TRACE Calculator - character number:10
15:33:59.972 [Thread-0] TRACE Calculator - operandstack.peek():1500
15:33:59.973 [Thread-0] INFO Calculator - answer:1500
