14:58:49.113 [main] INFO Server - Server started!
14:58:49.115 [main] INFO Server - Waiting for a client ...
14:58:50.239 [main] INFO Server - Client accepted!
14:58:50.256 [main] INFO Server - serverinput:689340+87490
14:58:50.259 [main] INFO PostfixGenerator - input:689340+87490
14:58:50.262 [main] TRACE PostfixGenerator - array size:0
14:58:50.263 [main] TRACE PostfixGenerator - charater by character:6
14:58:50.264 [main] TRACE PostfixGenerator - postfix after taking operands and operators1:[]
14:58:50.265 [main] TRACE PostfixGenerator - Stringbuilder:6
14:58:50.266 [main] TRACE PostfixGenerator - array size:0
14:58:50.266 [main] TRACE PostfixGenerator - charater by character:8
14:58:50.267 [main] TRACE PostfixGenerator - postfix after taking operands and operators1:[]
14:58:50.269 [main] TRACE PostfixGenerator - Stringbuilder:68
14:58:50.270 [main] TRACE PostfixGenerator - array size:0
14:58:50.272 [main] TRACE PostfixGenerator - charater by character:9
14:58:50.276 [main] TRACE PostfixGenerator - postfix after taking operands and operators1:[]
14:58:50.279 [main] TRACE PostfixGenerator - Stringbuilder:689
14:58:50.281 [main] TRACE PostfixGenerator - array size:0
14:58:50.282 [main] TRACE PostfixGenerator - charater by character:3
14:58:50.282 [main] TRACE PostfixGenerator - postfix after taking operands and operators1:[]
14:58:50.282 [main] TRACE PostfixGenerator - Stringbuilder:6893
14:58:50.283 [main] TRACE PostfixGenerator - array size:0
14:58:50.284 [main] TRACE PostfixGenerator - charater by character:4
14:58:50.284 [main] TRACE PostfixGenerator - postfix after taking operands and operators1:[]
14:58:50.286 [main] TRACE PostfixGenerator - Stringbuilder:68934
14:58:50.292 [main] TRACE PostfixGenerator - array size:0
14:58:50.292 [main] TRACE PostfixGenerator - charater by character:0
14:58:50.292 [main] TRACE PostfixGenerator - postfix after taking operands and operators1:[]
14:58:50.293 [main] TRACE PostfixGenerator - Stringbuilder:689340
14:58:50.293 [main] TRACE PostfixGenerator - array size:0
14:58:50.294 [main] TRACE PostfixGenerator - charater by character:+
14:58:50.294 [main] TRACE PostfixGenerator - operator by operator:+
14:58:50.295 [main] TRACE PostfixGenerator - array size:1
14:58:50.295 [main] TRACE PostfixGenerator - charater by character:8
14:58:50.296 [main] TRACE PostfixGenerator - postfix after taking operands and operators1:[689340]
14:58:50.296 [main] TRACE PostfixGenerator - Stringbuilder:8
14:58:50.297 [main] TRACE PostfixGenerator - array size:1
14:58:50.297 [main] TRACE PostfixGenerator - charater by character:7
14:58:50.298 [main] TRACE PostfixGenerator - postfix after taking operands and operators1:[689340]
14:58:50.298 [main] TRACE PostfixGenerator - Stringbuilder:87
14:58:50.299 [main] TRACE PostfixGenerator - array size:1
14:58:50.299 [main] TRACE PostfixGenerator - charater by character:4
14:58:50.300 [main] TRACE PostfixGenerator - postfix after taking operands and operators1:[689340]
14:58:50.300 [main] TRACE PostfixGenerator - Stringbuilder:874
14:58:50.301 [main] TRACE PostfixGenerator - array size:1
14:58:50.301 [main] TRACE PostfixGenerator - charater by character:9
14:58:50.303 [main] TRACE PostfixGenerator - postfix after taking operands and operators1:[689340]
14:58:50.309 [main] TRACE PostfixGenerator - Stringbuilder:8749
14:58:50.310 [main] TRACE PostfixGenerator - array size:1
14:58:50.310 [main] TRACE PostfixGenerator - charater by character:0
14:58:50.311 [main] TRACE PostfixGenerator - postfix after taking operands and operators1:[689340]
14:58:50.311 [main] TRACE PostfixGenerator - Stringbuilder:87490
14:58:50.312 [main] DEBUG PostfixGenerator - postfix:[689340, 87490]
14:58:50.312 [main] DEBUG PostfixGenerator - final postfix:[689340, 87490, +]
14:58:50.313 [main] DEBUG Calculator - take postfix as input to calculate:[689340, 87490, +]
14:58:50.313 [main] DEBUG Calculator - postfix length:3
14:58:50.314 [main] TRACE Calculator - character by character:689340
14:58:50.314 [main] TRACE Calculator - character number:0
14:58:50.315 [main] TRACE Calculator - operandstack3:689340
14:58:50.315 [main] TRACE Calculator - character by character:87490
14:58:50.316 [main] TRACE Calculator - character number:1
14:58:50.316 [main] TRACE Calculator - operandstack3:87490
14:58:50.317 [main] TRACE Calculator - character by character:+
14:58:50.325 [main] TRACE Calculator - character number:2
14:58:50.327 [main] TRACE Calculator - operandstack.peek():776830
14:58:50.328 [main] INFO Calculator - answer:776830
14:58:50.334 [main] INFO Server - 689340+87490=776830
14:58:50.335 [main] INFO Server - Waiting for a client ...
14:58:50.335 [main] INFO Server - Client accepted!
14:58:50.336 [main] INFO Server - serverinput:3^4
14:58:50.338 [main] INFO PostfixGenerator - input:3^4
14:58:50.338 [main] TRACE PostfixGenerator - array size:0
14:58:50.339 [main] TRACE PostfixGenerator - charater by character:3
14:58:50.339 [main] TRACE PostfixGenerator - postfix after taking operands and operators1:[]
14:58:50.340 [main] TRACE PostfixGenerator - Stringbuilder:3
14:58:50.340 [main] TRACE PostfixGenerator - array size:0
14:58:50.340 [main] TRACE PostfixGenerator - charater by character:^
14:58:50.347 [main] TRACE Server - answer:unsupported operator:^

